[0.010s] Invoking command in '/home/joel/ros2_ws/build/my_package': CMAKE_PREFIX_PATH=/opt/ros/humble CONDA_PROMPT_MODIFIER=(base) /usr/bin/cmake --build /home/joel/ros2_ws/build/my_package -- -j8 -l8
[0.033s] -- Found ament_cmake: 1.3.10 (/opt/ros/humble/share/ament_cmake/cmake)
[0.159s] -- Found rclcpp: 16.0.10 (/opt/ros/humble/share/rclcpp/cmake)
[0.207s] -- Found rosidl_generator_c: 3.1.5 (/opt/ros/humble/share/rosidl_generator_c/cmake)
[0.213s] -- Found rosidl_adapter: 3.1.5 (/opt/ros/humble/share/rosidl_adapter/cmake)
[0.223s] -- Found rosidl_generator_cpp: 3.1.5 (/opt/ros/humble/share/rosidl_generator_cpp/cmake)
[0.239s] -- Using all available rosidl_typesupport_c: rosidl_typesupport_fastrtps_c;rosidl_typesupport_introspection_c
[0.257s] -- Using all available rosidl_typesupport_cpp: rosidl_typesupport_fastrtps_cpp;rosidl_typesupport_introspection_cpp
[0.304s] -- Found rmw_implementation_cmake: 6.1.2 (/opt/ros/humble/share/rmw_implementation_cmake/cmake)
[0.308s] -- Found rmw_fastrtps_cpp: 6.2.7 (/opt/ros/humble/share/rmw_fastrtps_cpp/cmake)
[0.395s] -- Found OpenSSL: /usr/lib/x86_64-linux-gnu/libcrypto.so (found version "3.0.2")  
[0.422s] -- Found FastRTPS: /opt/ros/humble/include  
[0.461s] -- Using RMW implementation 'rmw_fastrtps_cpp' as default
[0.472s] -- Looking for pthread.h
[0.542s] -- Looking for pthread.h - found
[0.542s] -- Performing Test CMAKE_HAVE_LIBC_PTHREAD
[0.604s] -- Performing Test CMAKE_HAVE_LIBC_PTHREAD - Success
[0.605s] -- Found Threads: TRUE  
[0.666s] -- Found ament_lint_auto: 0.12.11 (/opt/ros/humble/share/ament_lint_auto/cmake)
[0.753s] -- Added test 'cppcheck' to perform static code analysis on C / C++ code
[0.754s] -- Configured cppcheck include dirs: $<BUILD_INTERFACE:/home/joel/ros2_ws/src/my_package/include>
[0.754s] -- Configured cppcheck exclude dirs and/or files: 
[0.754s] -- Added test 'lint_cmake' to check CMake code style
[0.755s] -- Added test 'uncrustify' to check C / C++ code style
[0.755s] -- Configured uncrustify additional arguments: 
[0.755s] -- Added test 'xmllint' to check XML markup files
[0.756s] -- Configuring done
[0.764s] -- Generating done
[0.766s] -- Build files have been written to: /home/joel/ros2_ws/build/my_package
[0.796s] [ 50%] [32mBuilding CXX object CMakeFiles/publisher_node.dir/src/my_node.cpp.o[0m
[0.796s] [ 50%] [32mBuilding CXX object CMakeFiles/subscriber_node.dir/src/subscriber_node.cpp.o[0m
[5.402s] [ 75%] [32m[1mLinking CXX executable publisher_node[0m
[5.623s] [ 75%] Built target publisher_node
[8.994s] [100%] [32m[1mLinking CXX executable subscriber_node[0m
[9.371s] [100%] Built target subscriber_node
[9.381s] Invoked command in '/home/joel/ros2_ws/build/my_package' returned '0': CMAKE_PREFIX_PATH=/opt/ros/humble CONDA_PROMPT_MODIFIER=(base) /usr/bin/cmake --build /home/joel/ros2_ws/build/my_package -- -j8 -l8
[9.411s] Invoking command in '/home/joel/ros2_ws/build/my_package': CMAKE_PREFIX_PATH=/opt/ros/humble CONDA_PROMPT_MODIFIER=(base) /usr/bin/cmake --install /home/joel/ros2_ws/build/my_package
[9.417s] -- Install configuration: ""
[9.417s] -- Installing: /home/joel/ros2_ws/install/my_package/lib/my_package/publisher_node
[9.417s] -- Set runtime path of "/home/joel/ros2_ws/install/my_package/lib/my_package/publisher_node" to ""
[9.418s] -- Installing: /home/joel/ros2_ws/install/my_package/lib/my_package/subscriber_node
[9.420s] -- Set runtime path of "/home/joel/ros2_ws/install/my_package/lib/my_package/subscriber_node" to ""
[9.420s] -- Up-to-date: /home/joel/ros2_ws/install/my_package/share/ament_index/resource_index/package_run_dependencies/my_package
[9.420s] -- Up-to-date: /home/joel/ros2_ws/install/my_package/share/ament_index/resource_index/parent_prefix_path/my_package
[9.420s] -- Up-to-date: /home/joel/ros2_ws/install/my_package/share/my_package/environment/ament_prefix_path.sh
[9.420s] -- Installing: /home/joel/ros2_ws/install/my_package/share/my_package/environment/ament_prefix_path.dsv
[9.420s] -- Up-to-date: /home/joel/ros2_ws/install/my_package/share/my_package/environment/path.sh
[9.421s] -- Installing: /home/joel/ros2_ws/install/my_package/share/my_package/environment/path.dsv
[9.421s] -- Up-to-date: /home/joel/ros2_ws/install/my_package/share/my_package/local_setup.bash
[9.421s] -- Up-to-date: /home/joel/ros2_ws/install/my_package/share/my_package/local_setup.sh
[9.421s] -- Up-to-date: /home/joel/ros2_ws/install/my_package/share/my_package/local_setup.zsh
[9.421s] -- Installing: /home/joel/ros2_ws/install/my_package/share/my_package/local_setup.dsv
[9.421s] -- Installing: /home/joel/ros2_ws/install/my_package/share/my_package/package.dsv
[9.421s] -- Up-to-date: /home/joel/ros2_ws/install/my_package/share/ament_index/resource_index/packages/my_package
[9.421s] -- Up-to-date: /home/joel/ros2_ws/install/my_package/share/my_package/cmake/my_packageConfig.cmake
[9.421s] -- Up-to-date: /home/joel/ros2_ws/install/my_package/share/my_package/cmake/my_packageConfig-version.cmake
[9.421s] -- Up-to-date: /home/joel/ros2_ws/install/my_package/share/my_package/package.xml
[9.423s] Invoked command in '/home/joel/ros2_ws/build/my_package' returned '0': CMAKE_PREFIX_PATH=/opt/ros/humble CONDA_PROMPT_MODIFIER=(base) /usr/bin/cmake --install /home/joel/ros2_ws/build/my_package
