[0.008s] Invoking command in '/home/joel/ros2_ws/build/my_package': CMAKE_PREFIX_PATH=/opt/ros/humble CONDA_PROMPT_MODIFIER=(base) /usr/bin/cmake /home/joel/ros2_ws/src/my_package -DCMAKE_INSTALL_PREFIX=/home/joel/ros2_ws/install/my_package
[0.108s] -- The C compiler identification is GNU 11.4.0
[0.189s] -- The CXX compiler identification is GNU 11.4.0
[0.197s] -- Detecting C compiler ABI info
[0.265s] -- Detecting C compiler ABI info - done
[0.271s] -- Check for working C compiler: /usr/bin/cc - skipped
[0.272s] -- Detecting C compile features
[0.272s] -- Detecting C compile features - done
[0.276s] -- Detecting CXX compiler ABI info
[0.349s] -- Detecting CXX compiler ABI info - done
[0.355s] -- Check for working CXX compiler: /usr/bin/c++ - skipped
[0.355s] -- Detecting CXX compile features
[0.356s] -- Detecting CXX compile features - done
[0.361s] -- Found ament_cmake: 1.3.10 (/opt/ros/humble/share/ament_cmake/cmake)
[1.045s] -- Found Python3: /home/joel/anaconda3/bin/python3 (found version "3.10.9") found components: Interpreter 
[1.133s] -- Found ament_lint_auto: 0.12.11 (/opt/ros/humble/share/ament_lint_auto/cmake)
[1.226s] -- Added test 'cppcheck' to perform static code analysis on C / C++ code
[1.227s] -- Configured cppcheck include dirs: $<BUILD_INTERFACE:/home/joel/ros2_ws/src/my_package/include>
[1.227s] -- Configured cppcheck exclude dirs and/or files: 
[1.227s] -- Added test 'lint_cmake' to check CMake code style
[1.228s] -- Added test 'uncrustify' to check C / C++ code style
[1.228s] -- Configured uncrustify additional arguments: 
[1.229s] -- Added test 'xmllint' to check XML markup files
[1.230s] -- Configuring done
[1.233s] -- Generating done
[1.234s] -- Build files have been written to: /home/joel/ros2_ws/build/my_package
[1.237s] Invoked command in '/home/joel/ros2_ws/build/my_package' returned '0': CMAKE_PREFIX_PATH=/opt/ros/humble CONDA_PROMPT_MODIFIER=(base) /usr/bin/cmake /home/joel/ros2_ws/src/my_package -DCMAKE_INSTALL_PREFIX=/home/joel/ros2_ws/install/my_package
[1.239s] Invoking command in '/home/joel/ros2_ws/build/my_package': CMAKE_PREFIX_PATH=/opt/ros/humble CONDA_PROMPT_MODIFIER=(base) /usr/bin/cmake --build /home/joel/ros2_ws/build/my_package -- -j8 -l8
[1.278s] [ 50%] [32mBuilding CXX object CMakeFiles/my_node.dir/src/my_node.cpp.o[0m
[1.304s] [100%] [32m[1mLinking CXX executable my_node[0m
[1.348s] [100%] Built target my_node
[1.358s] Invoked command in '/home/joel/ros2_ws/build/my_package' returned '0': CMAKE_PREFIX_PATH=/opt/ros/humble CONDA_PROMPT_MODIFIER=(base) /usr/bin/cmake --build /home/joel/ros2_ws/build/my_package -- -j8 -l8
[1.386s] Invoking command in '/home/joel/ros2_ws/build/my_package': CMAKE_PREFIX_PATH=/opt/ros/humble CONDA_PROMPT_MODIFIER=(base) /usr/bin/cmake --install /home/joel/ros2_ws/build/my_package
[1.393s] -- Install configuration: ""
[1.393s] -- Installing: /home/joel/ros2_ws/install/my_package/lib/my_package/my_node
[1.393s] -- Installing: /home/joel/ros2_ws/install/my_package/share/ament_index/resource_index/package_run_dependencies/my_package
[1.393s] -- Installing: /home/joel/ros2_ws/install/my_package/share/ament_index/resource_index/parent_prefix_path/my_package
[1.393s] -- Installing: /home/joel/ros2_ws/install/my_package/share/my_package/environment/ament_prefix_path.sh
[1.393s] -- Installing: /home/joel/ros2_ws/install/my_package/share/my_package/environment/ament_prefix_path.dsv
[1.393s] -- Installing: /home/joel/ros2_ws/install/my_package/share/my_package/environment/path.sh
[1.393s] -- Installing: /home/joel/ros2_ws/install/my_package/share/my_package/environment/path.dsv
[1.394s] -- Installing: /home/joel/ros2_ws/install/my_package/share/my_package/local_setup.bash
[1.394s] -- Installing: /home/joel/ros2_ws/install/my_package/share/my_package/local_setup.sh
[1.394s] -- Installing: /home/joel/ros2_ws/install/my_package/share/my_package/local_setup.zsh
[1.394s] -- Installing: /home/joel/ros2_ws/install/my_package/share/my_package/local_setup.dsv
[1.394s] -- Installing: /home/joel/ros2_ws/install/my_package/share/my_package/package.dsv
[1.394s] -- Installing: /home/joel/ros2_ws/install/my_package/share/ament_index/resource_index/packages/my_package
[1.394s] -- Installing: /home/joel/ros2_ws/install/my_package/share/my_package/cmake/my_packageConfig.cmake
[1.394s] -- Installing: /home/joel/ros2_ws/install/my_package/share/my_package/cmake/my_packageConfig-version.cmake
[1.394s] -- Installing: /home/joel/ros2_ws/install/my_package/share/my_package/package.xml
[1.396s] Invoked command in '/home/joel/ros2_ws/build/my_package' returned '0': CMAKE_PREFIX_PATH=/opt/ros/humble CONDA_PROMPT_MODIFIER=(base) /usr/bin/cmake --install /home/joel/ros2_ws/build/my_package
