[0.010s] Invoking command in '/home/joel/ros2_ws/build/my_package': CMAKE_PREFIX_PATH=/opt/ros/humble CONDA_PROMPT_MODIFIER=(base) /usr/bin/cmake --build /home/joel/ros2_ws/build/my_package -- -j8 -l8
[0.056s] -- Found ament_cmake: 1.3.10 (/opt/ros/humble/share/ament_cmake/cmake)
[0.193s] -- Found rclcpp: 16.0.10 (/opt/ros/humble/share/rclcpp/cmake)
[0.233s] -- Found rosidl_generator_c: 3.1.5 (/opt/ros/humble/share/rosidl_generator_c/cmake)
[0.236s] -- Found rosidl_adapter: 3.1.5 (/opt/ros/humble/share/rosidl_adapter/cmake)
[0.243s] -- Found rosidl_generator_cpp: 3.1.5 (/opt/ros/humble/share/rosidl_generator_cpp/cmake)
[0.256s] -- Using all available rosidl_typesupport_c: rosidl_typesupport_fastrtps_c;rosidl_typesupport_introspection_c
[0.271s] -- Using all available rosidl_typesupport_cpp: rosidl_typesupport_fastrtps_cpp;rosidl_typesupport_introspection_cpp
[0.307s] -- Found rmw_implementation_cmake: 6.1.2 (/opt/ros/humble/share/rmw_implementation_cmake/cmake)
[0.310s] -- Found rmw_fastrtps_cpp: 6.2.7 (/opt/ros/humble/share/rmw_fastrtps_cpp/cmake)
[0.416s] -- Using RMW implementation 'rmw_fastrtps_cpp' as default
[0.474s] -- Found ament_lint_auto: 0.12.11 (/opt/ros/humble/share/ament_lint_auto/cmake)
[0.476s] -- Found ament_cmake_gtest: 1.3.10 (/opt/ros/humble/share/ament_cmake_gtest/cmake)
[0.479s] -- Found gtest sources under '/opt/ros/humble/src/gtest_vendor': C++ tests using 'Google Test' will be built
[0.570s] -- Added test 'cppcheck' to perform static code analysis on C / C++ code
[0.571s] -- Configured cppcheck include dirs: $<BUILD_INTERFACE:/home/joel/ros2_ws/src/my_package/include>
[0.571s] -- Configured cppcheck exclude dirs and/or files: 
[0.571s] -- Added test 'lint_cmake' to check CMake code style
[0.572s] -- Added test 'uncrustify' to check C / C++ code style
[0.572s] -- Configured uncrustify additional arguments: 
[0.573s] -- Added test 'xmllint' to check XML markup files
[0.573s] -- Configuring done
[0.587s] -- Generating done
[0.589s] -- Build files have been written to: /home/joel/ros2_ws/build/my_package
[0.611s] [35m[1mConsolidate compiler generated dependencies of target publisher_node[0m
[0.615s] [35m[1mConsolidate compiler generated dependencies of target subscriber_node[0m
[0.624s] [  8%] [32mBuilding CXX object CMakeFiles/math_functions.dir/src/math_functions.cpp.o[0m
[0.625s] [ 16%] [32mBuilding CXX object gtest/CMakeFiles/gtest.dir/src/gtest-all.cc.o[0m
[0.627s] [ 25%] [32mBuilding CXX object gtest/CMakeFiles/gtest_main.dir/src/gtest_main.cc.o[0m
[0.643s] [ 50%] [32mBuilding CXX object CMakeFiles/publisher_node.dir/src/my_node.cpp.o[0m
[0.644s] [ 50%] Built target subscriber_node
[0.905s] [ 58%] [32m[1mLinking CXX static library libmath_functions.a[0m
[0.941s] [ 58%] Built target math_functions
[1.618s] [ 66%] [32m[1mLinking CXX static library libgtest_main.a[0m
[1.650s] [ 66%] Built target gtest_main
[3.956s] [ 75%] [32m[1mLinking CXX static library libgtest.a[0m
[4.004s] [ 75%] Built target gtest
[4.022s] [ 83%] [32mBuilding CXX object CMakeFiles/test_math_functions.dir/test/test_math_functions.cpp.o[0m
[4.965s] [ 91%] [32m[1mLinking CXX executable test_math_functions[0m
[5.096s] [ 91%] Built target test_math_functions
[5.150s] [100%] [32m[1mLinking CXX executable publisher_node[0m
[5.347s] [100%] Built target publisher_node
[5.357s] Invoked command in '/home/joel/ros2_ws/build/my_package' returned '0': CMAKE_PREFIX_PATH=/opt/ros/humble CONDA_PROMPT_MODIFIER=(base) /usr/bin/cmake --build /home/joel/ros2_ws/build/my_package -- -j8 -l8
[5.392s] Invoking command in '/home/joel/ros2_ws/build/my_package': CMAKE_PREFIX_PATH=/opt/ros/humble CONDA_PROMPT_MODIFIER=(base) /usr/bin/cmake --install /home/joel/ros2_ws/build/my_package
[5.398s] -- Install configuration: ""
[5.399s] -- Installing: /home/joel/ros2_ws/install/my_package/lib/my_package/publisher_node
[5.399s] -- Set runtime path of "/home/joel/ros2_ws/install/my_package/lib/my_package/publisher_node" to ""
[5.400s] -- Up-to-date: /home/joel/ros2_ws/install/my_package/lib/my_package/subscriber_node
[5.400s] -- Up-to-date: /home/joel/ros2_ws/install/my_package/share/ament_index/resource_index/package_run_dependencies/my_package
[5.400s] -- Up-to-date: /home/joel/ros2_ws/install/my_package/share/ament_index/resource_index/parent_prefix_path/my_package
[5.400s] -- Up-to-date: /home/joel/ros2_ws/install/my_package/share/my_package/environment/ament_prefix_path.sh
[5.400s] -- Installing: /home/joel/ros2_ws/install/my_package/share/my_package/environment/ament_prefix_path.dsv
[5.401s] -- Up-to-date: /home/joel/ros2_ws/install/my_package/share/my_package/environment/path.sh
[5.401s] -- Installing: /home/joel/ros2_ws/install/my_package/share/my_package/environment/path.dsv
[5.401s] -- Up-to-date: /home/joel/ros2_ws/install/my_package/share/my_package/local_setup.bash
[5.401s] -- Up-to-date: /home/joel/ros2_ws/install/my_package/share/my_package/local_setup.sh
[5.401s] -- Up-to-date: /home/joel/ros2_ws/install/my_package/share/my_package/local_setup.zsh
[5.401s] -- Installing: /home/joel/ros2_ws/install/my_package/share/my_package/local_setup.dsv
[5.401s] -- Installing: /home/joel/ros2_ws/install/my_package/share/my_package/package.dsv
[5.401s] -- Up-to-date: /home/joel/ros2_ws/install/my_package/share/ament_index/resource_index/packages/my_package
[5.401s] -- Up-to-date: /home/joel/ros2_ws/install/my_package/share/my_package/cmake/my_packageConfig.cmake
[5.401s] -- Up-to-date: /home/joel/ros2_ws/install/my_package/share/my_package/cmake/my_packageConfig-version.cmake
[5.401s] -- Up-to-date: /home/joel/ros2_ws/install/my_package/share/my_package/package.xml
[5.403s] Invoked command in '/home/joel/ros2_ws/build/my_package' returned '0': CMAKE_PREFIX_PATH=/opt/ros/humble CONDA_PROMPT_MODIFIER=(base) /usr/bin/cmake --install /home/joel/ros2_ws/build/my_package
